<?xml version="1.0" encoding="UTF-8"?>
<!-- Generated by org.testng.reporters.JUnitReportReporter -->
<testsuite hostname="didnkiwina6" name="com.kirwa.webdriver.test.TST_Comman" tests="1" failures="0" timestamp="5 Aug 2014 04:33:08 GMT" time="4.097" errors="0">
  <testcase name="login" time="4.097" classname="com.kirwa.webdriver.test.TST_Comman"/>
</testsuite> <!-- com.ideas.webdriver.test.TST_Comman -->
