<?xml version="1.0" encoding="UTF-8"?>
<!-- Generated by org.testng.reporters.JUnitReportReporter -->
<testsuite hostname="didnkiwina6" name="com.kirwa.webdriver.test.TST_Test" tests="7" failures="0" timestamp="21 Mar 2014 08:54:57 GMT" time="0.049" errors="0">
  <testcase name="verify_AtGlance_Reports" time="0.008" classname="com.kirwa.webdriver.test.TST_Test"/>
  <testcase name="verify_AtGlance_SpecialEvents" time="0.006" classname="com.kirwa.webdriver.test.TST_Test"/>
  <testcase name="verify_AtGlance_Calendar" time="0.004" classname="com.kirwa.webdriver.test.TST_Test"/>
  <testcase name="verify_AtGlance_BusinessDetails" time="0.006" classname="com.kirwa.webdriver.test.TST_Test"/>
  <testcase name="verify_AtGlance_Alerts" time="0.006" classname="com.kirwa.webdriver.test.TST_Test"/>
  <testcase name="verify_AtGlance_DatePopup" time="0.013" classname="com.kirwa.webdriver.test.TST_Test"/>
  <testcase name="Verify_AtGlance_Header" time="0.006" classname="com.kirwa.webdriver.test.TST_Test"/>
</testsuite> <!-- com.ideas.webdriver.test.TST_Test -->
