<?xml version="1.0" encoding="UTF-8"?>
<!-- Generated by org.testng.reporters.JUnitReportReporter -->
<testsuite hostname="didnkiwina6" name="com.kirwa.webdriver.test.TST_Mytest" tests="4" failures="0" timestamp="9 Apr 2014 11:33:07 GMT" time="0.012" errors="0">
  <testcase name="doTest1" time="0.007" classname="com.kirwa.webdriver.test.TST_Mytest"/>
  <testcase name="doTest4" time="0.002" classname="com.kirwa.webdriver.test.TST_Mytest"/>
  <testcase name="doTest3" time="0.001" classname="com.kirwa.webdriver.test.TST_Mytest"/>
  <testcase name="doTest2" time="0.002" classname="com.kirwa.webdriver.test.TST_Mytest"/>
</testsuite> <!-- com.ideas.webdriver.test.TST_Mytest -->
